#
# There is insufficient memory for the Java Runtime Environment to continue.
# Native memory allocation (mmap) failed to map 266338304 bytes for Failed to commit area from 0x0000000702800000 to 0x0000000712600000 of length 266338304.
# Possible reasons:
#   The system is out of physical RAM or swap space
#   The process is running with CompressedOops enabled, and the Java Heap may be blocking the growth of the native heap
# Possible solutions:
#   Reduce memory load on the system
#   Increase physical memory or swap space
#   Check if swap backing store is full
#   Decrease Java heap size (-Xmx/-Xms)
#   Decrease number of Java threads
#   Decrease Java thread stack sizes (-Xss)
#   Set larger code cache with -XX:ReservedCodeCacheSize=
# This output file may be truncated or incomplete.
#
#  Out of Memory Error (c:/BuildAgent/work/5ff2f6c26000d570/src/hotspot/os/windows/os_windows.cpp:3291), pid=12700, tid=15968
#
# JRE version:  (11.0.5+10) (build )
# Java VM: OpenJDK 64-Bit Server VM (11.0.5+10-b520.17, mixed mode, aot, sharing, tiered, compressed oops, g1 gc, windows-amd64)
# No core dump will be written. Minidumps are not enabled by default on client versions of Windows
#

---------------  S U M M A R Y ------------

Command Line: org.jetbrains.git4idea.http.GitAskPassApp Username for 'https://github.com': 

Host: Intel(R) Core(TM) i7-6700HQ CPU @ 2.60GHz, 8 cores, 15G,  Windows 10 , 64 bit Build 18362 (10.0.18362.329)
Time: Thu Jan  2 00:18:18 2020 ?D1¨²¡À¨º¡Á?¨º¡À?? elapsed time: 0 seconds (0d 0h 0m 0s)

---------------  T H R E A D  ---------------

Current thread (0x000002a8df01c800):  JavaThread "Unknown thread" [_thread_in_vm, id=15968, stack(0x000000d0ec000000,0x000000d0ec100000)]

Stack: [0x000000d0ec000000,0x000000d0ec100000]
Native frames: (J=compiled Java code, j=interpreted, Vv=VM code, C=native code)
V  [jvm.dll+0x5dcafa]
V  [jvm.dll+0x70e375]
V  [jvm.dll+0x70f898]
V  [jvm.dll+0x70ff63]
V  [jvm.dll+0x23e238]
V  [jvm.dll+0x5da1c4]
V  [jvm.dll+0x5cf265]
V  [jvm.dll+0x2fac3b]
V  [jvm.dll+0x2fabaa]
V  [jvm.dll+0x2faa82]
V  [jvm.dll+0x2ff956]
V  [jvm.dll+0x3480d3]
V  [jvm.dll+0x3487d6]
V  [jvm.dll+0x3481d3]
V  [jvm.dll+0x2d5548]
V  [jvm.dll+0x2d66e7]
V  [jvm.dll+0x6ed237]
V  [jvm.dll+0x6eea2c]
V  [jvm.dll+0x355849]
V  [jvm.dll+0x6d239e]
V  [jvm.dll+0x3be283]
V  [jvm.dll+0x3c0701]
C  [jli.dll+0x5363]
C  [ucrtbase.dll+0x20e72]
C  [KERNEL32.DLL+0x17bd4]
C  [ntdll.dll+0x6ced1]


---------------  P R O C E S S  ---------------

Threads class SMR info:
_java_thread_list=0x000002a8dcd6c170, length=0, elements={
}

Java Threads: ( => current thread )

Other Threads:
  0x000002a8df037800 GCTaskThread "GC Thread#0" [stack: 0x000000d0ec100000,0x000000d0ec200000] [id=3280]
  0x000002a8df092000 ConcurrentGCThread "G1 Main Marker" [stack: 0x000000d0ec200000,0x000000d0ec300000] [id=17012]
  0x000002a8df094000 ConcurrentGCThread "G1 Conc#0" [stack: 0x000000d0ec300000,0x000000d0ec400000] [id=20960]

[error occurred during error reporting (printing all threads), id 0xc0000005, EXCEPTION_ACCESS_VIOLATION (0xc0000005) at pc=0x00007ffa8b075c17]

VM state:not at safepoint (not fully initialized)

VM Mutex/Monitor currently owned by a thread:  ([mutex/lock_event])
[0x000002a8df017960] Heap_lock - owner thread: 0x000002a8df01c800

Heap address: 0x0000000702800000, size: 4056 MB, Compressed Oops mode: Non-zero based: 0x0000000702800000
Narrow klass base: 0x0000000000000000, Narrow klass shift: 0

GC Heap History (0 events):
No events

Deoptimization events (0 events):
No events

Classes redefined (0 events):
No events

Internal exceptions (0 events):
No events

Events (0 events):
No events


Dynamic libraries:
0x00007ff673aa0000 - 0x00007ff673aaa000 	D:\Program Files\JetBrains\GoLand 2019.3.1\jbr\bin\java.exe
0x00007ffae08c0000 - 0x00007ffae0ab0000 	C:\WINDOWS\SYSTEM32\ntdll.dll
0x00007ffadeb90000 - 0x00007ffadec42000 	C:\WINDOWS\System32\KERNEL32.DLL
0x00007ffade2c0000 - 0x00007ffade563000 	C:\WINDOWS\System32\KERNELBASE.dll
0x00007ffadb590000 - 0x00007ffadb61f000 	C:\WINDOWS\SYSTEM32\apphelp.dll
0x00007ffade1a0000 - 0x00007ffade29a000 	C:\WINDOWS\System32\ucrtbase.dll
0x00007ffacaa40000 - 0x00007ffacaa57000 	D:\Program Files\JetBrains\GoLand 2019.3.1\jbr\bin\VCRUNTIME140.dll
0x00007ffaca2a0000 - 0x00007ffaca2b9000 	D:\Program Files\JetBrains\GoLand 2019.3.1\jbr\bin\jli.dll
0x00007ffadec50000 - 0x00007ffadede4000 	C:\WINDOWS\System32\USER32.dll
0x00007ffade6c0000 - 0x00007ffade6e1000 	C:\WINDOWS\System32\win32u.dll
0x00007ffacb6b0000 - 0x00007ffacb935000 	C:\WINDOWS\WinSxS\amd64_microsoft.windows.common-controls_6595b64144ccf1df_6.0.18362.535_none_e6c3b34713100821\COMCTL32.dll
0x00007ffadfe30000 - 0x00007ffadfe56000 	C:\WINDOWS\System32\GDI32.dll
0x00007ffadeaf0000 - 0x00007ffadeb8e000 	C:\WINDOWS\System32\msvcrt.dll
0x00007ffade000000 - 0x00007ffade194000 	C:\WINDOWS\System32\gdi32full.dll
0x00007ffadf840000 - 0x00007ffadfb76000 	C:\WINDOWS\System32\combase.dll
0x00007ffade9d0000 - 0x00007ffadeaf0000 	C:\WINDOWS\System32\RPCRT4.dll
0x00007ffade880000 - 0x00007ffade91e000 	C:\WINDOWS\System32\msvcp_win.dll
0x00007ffade800000 - 0x00007ffade880000 	C:\WINDOWS\System32\bcryptPrimitives.dll
0x00007ffadee80000 - 0x00007ffadeeae000 	C:\WINDOWS\System32\IMM32.DLL
0x00007ffaca160000 - 0x00007ffaca1fd000 	D:\Program Files\JetBrains\GoLand 2019.3.1\jbr\bin\msvcp140.dll
0x00007ffa8ad90000 - 0x00007ffa8b84b000 	D:\Program Files\JetBrains\GoLand 2019.3.1\jbr\bin\server\jvm.dll
0x00007ffadf320000 - 0x00007ffadf3c3000 	C:\WINDOWS\System32\ADVAPI32.dll
0x00007ffadfe90000 - 0x00007ffadff27000 	C:\WINDOWS\System32\sechost.dll
0x00007ffae00b0000 - 0x00007ffae00b8000 	C:\WINDOWS\System32\PSAPI.DLL
0x00007ffadc250000 - 0x00007ffadc259000 	C:\WINDOWS\SYSTEM32\WSOCK32.dll
0x00007ffad85d0000 - 0x00007ffad85f4000 	C:\WINDOWS\SYSTEM32\WINMM.dll
0x00007ffad6fa0000 - 0x00007ffad6faa000 	C:\WINDOWS\SYSTEM32\VERSION.dll
0x00007ffadff90000 - 0x00007ffadffff000 	C:\WINDOWS\System32\WS2_32.dll
0x00007ffad85a0000 - 0x00007ffad85cd000 	C:\WINDOWS\SYSTEM32\winmmbase.dll
0x00007ffade920000 - 0x00007ffade96a000 	C:\WINDOWS\System32\cfgmgr32.dll
0x00007ffadd810000 - 0x00007ffadd821000 	C:\WINDOWS\System32\kernel.appcore.dll
0x00007ffad9b60000 - 0x00007ffad9b71000 	D:\Program Files\JetBrains\GoLand 2019.3.1\jbr\bin\verify.dll
0x00007ffadc030000 - 0x00007ffadc224000 	C:\WINDOWS\SYSTEM32\DBGHELP.DLL
0x00007ffac7d10000 - 0x00007ffac7d3a000 	C:\WINDOWS\SYSTEM32\dbgcore.DLL
0x00007ffad9b10000 - 0x00007ffad9b39000 	D:\Program Files\JetBrains\GoLand 2019.3.1\jbr\bin\java.dll
0x00007ffad9af0000 - 0x00007ffad9b07000 	D:\Program Files\JetBrains\GoLand 2019.3.1\jbr\bin\zip.dll
0x00007ffad9e00000 - 0x00007ffad9e0b000 	D:\Program Files\JetBrains\GoLand 2019.3.1\jbr\bin\jimage.dll

dbghelp: loaded successfully - version: 4.0.5 - missing functions: none
symbol engine: initialized successfully - sym options: 0x614 - pdb path: .;D:\Program Files\JetBrains\GoLand 2019.3.1\jbr\bin;C:\WINDOWS\SYSTEM32;C:\WINDOWS\WinSxS\amd64_microsoft.windows.common-controls_6595b64144ccf1df_6.0.18362.535_none_e6c3b34713100821;D:\Program Files\JetBrains\GoLand 2019.3.1\jbr\bin\server

VM Arguments:
java_command: org.jetbrains.git4idea.http.GitAskPassApp Username for 'https://github.com': 
java_class_path (initial): D:/Program Files/JetBrains/GoLand 2019.3.1/plugins/git4idea/lib/git4idea-rt.jar;D:/Program Files/JetBrains/GoLand 2019.3.1/lib/xmlrpc-2.0.1.jar;D:/Program Files/JetBrains/GoLand 2019.3.1/lib/commons-codec-1.13.jar;D:/Program Files/JetBrains/GoLand 2019.3.1/lib/util.jar
Launcher Type: SUN_STANDARD

[Global flags]
     intx CICompilerCount                          = 4                                         {product} {ergonomic}
     uint ConcGCThreads                            = 2                                         {product} {ergonomic}
     uint G1ConcRefinementThreads                  = 8                                         {product} {ergonomic}
   size_t G1HeapRegionSize                         = 1048576                                   {product} {ergonomic}
    uintx GCDrainStackTargetSize                   = 64                                        {product} {ergonomic}
   size_t InitialHeapSize                          = 266338304                                 {product} {ergonomic}
   size_t MarkStackSize                            = 4194304                                   {product} {ergonomic}
   size_t MaxHeapSize                              = 4253024256                                {product} {ergonomic}
   size_t MinHeapDeltaBytes                        = 1048576                                   {product} {ergonomic}
    uintx NonNMethodCodeHeapSize                   = 5836300                                {pd product} {ergonomic}
    uintx NonProfiledCodeHeapSize                  = 122910970                              {pd product} {ergonomic}
    uintx ProfiledCodeHeapSize                     = 122910970                              {pd product} {ergonomic}
    uintx ReservedCodeCacheSize                    = 251658240                              {pd product} {ergonomic}
     bool SegmentedCodeCache                       = true                                      {product} {ergonomic}
     bool UseCompressedClassPointers               = true                                 {lp64_product} {ergonomic}
     bool UseCompressedOops                        = true                                 {lp64_product} {ergonomic}
     bool UseG1GC                                  = true                                      {product} {ergonomic}
     bool UseLargePagesIndividualAllocation        = false                                  {pd product} {ergonomic}

Logging:
Log output configuration:
 #0: stdout all=warning uptime,level,tags
 #1: stderr all=off uptime,level,tags

Environment Variables:
PATH=D:\Thirdpart\Git\mingw64\libexec\git-core;D:\Thirdpart\Git\mingw64\libexec\git-core;D:\Thirdpart\Git\mingw64\bin;D:\Thirdpart\Git\usr\bin;C:\Users\lc\bin;C:\ProgramData\DockerDesktop\version-bin;C:\Program Files\Docker\Docker\Resources\bin;C:\Program Files (x86)\Common Files\Oracle\Java\javapath;C:\Program Files (x86)\NetSarang\Xshell 6;C:\Program Files (x86)\NetSarang\Xftp 6;D:\Program Files\VanDyke Software\Clients;C:\ProgramData\Oracle\Java\javapath;C:\Windows\system32;C:\Windows;C:\Windows\System32\Wbem;C:\Windows\System32\WindowsPowerShell\v1.0;C:\Program Files (x86)\NVIDIA Corporation\PhysX\Common;D:\Thirdpart\Python27;C:\WINDOWS\system32;C:\WINDOWS;C:\WINDOWS\System32\Wbem;C:\WINDOWS\System32\WindowsPowerShell\v1.0;C:\Program Files (x86)\Wolfram Research\WolframScript;D:\Thirdpart\apache-maven-3.5.2\bin;D:\Thirdpart\gradle-4.4.1\bin;D:\Thirdpart\Android\Sdk\platform-tools;D:\Thirdpart\Python27;D:\Thirdpart\Python27\Scripts;D:\Thirdpart\Android\Thirdpart\dex2jar-2.1-SNAPSHOT;D:\Thirdpart\Android\Thirdpart\apk-tool;D:\Program Files\Oracle\VirtualBox;C:\WINDOWS\System32\OpenSSH;C:\Program Files (x86)\Google\Chrome\Application;D:\Program Files\phantomjs\bin;D:\Thirdpart\Git\cmd;C:\Program Files\NVIDIA Corporation\NVIDIA NvDLISR;D:\Program Files\qemu;C:\WINDOWS\system32;C:\WINDOWS;C:\WINDOWS\System32\Wbem;C:\WINDOWS\System32\WindowsPowerShell\v1.0;C:\WINDOWS\System32\OpenSSH;D:\Program Files\TortoiseGit\bin;C:\ProgramData\chocolatey\bin;C:\Program Files (x86)\Intel\Intel(R) Management Engine Components\DAL;C:\Program Files\Intel\Intel(R) Management Engine Components\DAL;D:\HashiCorp\Vagrant\bin;D:\Thirdpart\Ruby23-x64\bin;D:\Thirdpart\Python27;C:\Users\lc\AppData\Local\Microsoft\WindowsApps;D:\Thirdpart\apache-maven-3.5.2\bin;D:\Thirdpart\gradle-4.4.1\bin;D:\Thirdpart\Android\Sdk\platform-tools;D:\Thirdpart\Python27\Scripts;D:\Thirdpart\Android\Thirdpart\dex2jar-2.1-SNAPSHOT;D:\Thirdpart\Android\Thirdpart\apk-tool;D:\Program Files\Oracle\VirtualBox;C:\Program Fi
USERNAME=lc
DISPLAY=:0.0
OS=Windows_NT
PROCESSOR_IDENTIFIER=Intel64 Family 6 Model 94 Stepping 3, GenuineIntel



---------------  S Y S T E M  ---------------

OS: Windows 10 , 64 bit Build 18362 (10.0.18362.329)
HyperV virtualization detected

CPU:total 8 (initial active 8) (4 cores per cpu, 2 threads per core) family 6 model 94 stepping 3, cmov, cx8, fxsr, mmx, sse, sse2, sse3, ssse3, sse4.1, sse4.2, popcnt, avx, avx2, aes, clmul, erms, rtm, 3dnowpref, lzcnt, ht, tsc, tscinvbit, bmi1, bmi2, adx, fma

Memory: 4k page, system-wide physical 16216M (2921M free)
TotalPageFile size 16216M (AvailPageFile size 180M)
current process WorkingSet (physical memory assigned to process): 10M, peak: 10M
current process commit charge ("private bytes"): 61M, peak: 314M

vm_info: OpenJDK 64-Bit Server VM (11.0.5+10-b520.17) for windows-amd64 JRE (11.0.5+10-b520.17), built on Dec  2 2019 12:11:34 by "" with MS VC++ 14.0 (VS2015)

END.
